<?xml version="1.0" encoding="UTF-8"?>
<testsuite xmlns:xsi="http://www.w3.org/2001/XMLSchema-instance" xsi:noNamespaceSchemaLocation="https://maven.apache.org/surefire/maven-surefire-plugin/xsd/surefire-test-report.xsd" name="com.mycompany.app.AppTest" time="0.036" tests="1" errors="0" skipped="0" failures="0">
  <properties>
    <property name="awt.toolkit" value="sun.lwawt.macosx.LWCToolkit"/>
    <property name="java.specification.version" value="12"/>
    <property name="sun.jnu.encoding" value="UTF-8"/>
    <property name="java.class.path" value="/Users/raul/Google Drive/ITESO/Ingeniería en Sistemas Computacionales /Diseño/git-practice/my-app/target/test-classes:/Users/raul/Google Drive/ITESO/Ingeniería en Sistemas Computacionales /Diseño/git-practice/my-app/target/classes:/var/root/.m2/repository/org/mockito/mockito-all/1.9.5/mockito-all-1.9.5.jar:/var/root/.m2/repository/junit/junit/4.13/junit-4.13.jar:/var/root/.m2/repository/org/hamcrest/hamcrest-core/1.3/hamcrest-core-1.3.jar:/var/root/.m2/repository/org/jacoco/org.jacoco.core/0.8.5/org.jacoco.core-0.8.5.jar:/var/root/.m2/repository/org/ow2/asm/asm/7.2/asm-7.2.jar:/var/root/.m2/repository/org/ow2/asm/asm-commons/7.2/asm-commons-7.2.jar:/var/root/.m2/repository/org/ow2/asm/asm-analysis/7.2/asm-analysis-7.2.jar:/var/root/.m2/repository/org/ow2/asm/asm-tree/7.2/asm-tree-7.2.jar:/var/root/.m2/repository/com/puppycrawl/tools/checkstyle/8.29/checkstyle-8.29.jar:/var/root/.m2/repository/info/picocli/picocli/4.1.4/picocli-4.1.4.jar:/var/root/.m2/repository/antlr/antlr/2.7.7/antlr-2.7.7.jar:/var/root/.m2/repository/org/antlr/antlr4-runtime/4.8-1/antlr4-runtime-4.8-1.jar:/var/root/.m2/repository/commons-beanutils/commons-beanutils/1.9.4/commons-beanutils-1.9.4.jar:/var/root/.m2/repository/commons-logging/commons-logging/1.2/commons-logging-1.2.jar:/var/root/.m2/repository/commons-collections/commons-collections/3.2.2/commons-collections-3.2.2.jar:/var/root/.m2/repository/com/google/guava/guava/28.2-jre/guava-28.2-jre.jar:/var/root/.m2/repository/com/google/guava/failureaccess/1.0.1/failureaccess-1.0.1.jar:/var/root/.m2/repository/com/google/guava/listenablefuture/9999.0-empty-to-avoid-conflict-with-guava/listenablefuture-9999.0-empty-to-avoid-conflict-with-guava.jar:/var/root/.m2/repository/com/google/code/findbugs/jsr305/3.0.2/jsr305-3.0.2.jar:/var/root/.m2/repository/org/checkerframework/checker-qual/2.10.0/checker-qual-2.10.0.jar:/var/root/.m2/repository/com/google/errorprone/error_prone_annotations/2.3.4/error_prone_annotations-2.3.4.jar:/var/root/.m2/repository/com/google/j2objc/j2objc-annotations/1.3/j2objc-annotations-1.3.jar:/var/root/.m2/repository/net/sf/saxon/Saxon-HE/9.9.1-6/Saxon-HE-9.9.1-6.jar:"/>
    <property name="java.vm.vendor" value="Oracle Corporation"/>
    <property name="sun.arch.data.model" value="64"/>
    <property name="java.vendor.url" value="https://java.oracle.com/"/>
    <property name="os.name" value="Mac OS X"/>
    <property name="java.vm.specification.version" value="12"/>
    <property name="sun.java.launcher" value="SUN_STANDARD"/>
    <property name="user.country" value="MX"/>
    <property name="sun.boot.library.path" value="/Library/Java/JavaVirtualMachines/jdk-12.0.1.jdk/Contents/Home/lib"/>
    <property name="sun.java.command" value="/Users/raul/Google Drive/ITESO/Ingeniería en Sistemas Computacionales /Diseño/git-practice/my-app/target/surefire/surefirebooter11071260219975858969.jar /Users/raul/Google Drive/ITESO/Ingeniería en Sistemas Computacionales /Diseño/git-practice/my-app/target/surefire 2020-02-06T08-48-27_307-jvmRun1 surefire16632162917188714584tmp surefire_011478163316535179973tmp"/>
    <property name="http.nonProxyHosts" value="local|*.local|169.254/16|*.169.254/16"/>
    <property name="jdk.debug" value="release"/>
    <property name="surefire.test.class.path" value="/Users/raul/Google Drive/ITESO/Ingeniería en Sistemas Computacionales /Diseño/git-practice/my-app/target/test-classes:/Users/raul/Google Drive/ITESO/Ingeniería en Sistemas Computacionales /Diseño/git-practice/my-app/target/classes:/var/root/.m2/repository/org/mockito/mockito-all/1.9.5/mockito-all-1.9.5.jar:/var/root/.m2/repository/junit/junit/4.13/junit-4.13.jar:/var/root/.m2/repository/org/hamcrest/hamcrest-core/1.3/hamcrest-core-1.3.jar:/var/root/.m2/repository/org/jacoco/org.jacoco.core/0.8.5/org.jacoco.core-0.8.5.jar:/var/root/.m2/repository/org/ow2/asm/asm/7.2/asm-7.2.jar:/var/root/.m2/repository/org/ow2/asm/asm-commons/7.2/asm-commons-7.2.jar:/var/root/.m2/repository/org/ow2/asm/asm-analysis/7.2/asm-analysis-7.2.jar:/var/root/.m2/repository/org/ow2/asm/asm-tree/7.2/asm-tree-7.2.jar:/var/root/.m2/repository/com/puppycrawl/tools/checkstyle/8.29/checkstyle-8.29.jar:/var/root/.m2/repository/info/picocli/picocli/4.1.4/picocli-4.1.4.jar:/var/root/.m2/repository/antlr/antlr/2.7.7/antlr-2.7.7.jar:/var/root/.m2/repository/org/antlr/antlr4-runtime/4.8-1/antlr4-runtime-4.8-1.jar:/var/root/.m2/repository/commons-beanutils/commons-beanutils/1.9.4/commons-beanutils-1.9.4.jar:/var/root/.m2/repository/commons-logging/commons-logging/1.2/commons-logging-1.2.jar:/var/root/.m2/repository/commons-collections/commons-collections/3.2.2/commons-collections-3.2.2.jar:/var/root/.m2/repository/com/google/guava/guava/28.2-jre/guava-28.2-jre.jar:/var/root/.m2/repository/com/google/guava/failureaccess/1.0.1/failureaccess-1.0.1.jar:/var/root/.m2/repository/com/google/guava/listenablefuture/9999.0-empty-to-avoid-conflict-with-guava/listenablefuture-9999.0-empty-to-avoid-conflict-with-guava.jar:/var/root/.m2/repository/com/google/code/findbugs/jsr305/3.0.2/jsr305-3.0.2.jar:/var/root/.m2/repository/org/checkerframework/checker-qual/2.10.0/checker-qual-2.10.0.jar:/var/root/.m2/repository/com/google/errorprone/error_prone_annotations/2.3.4/error_prone_annotations-2.3.4.jar:/var/root/.m2/repository/com/google/j2objc/j2objc-annotations/1.3/j2objc-annotations-1.3.jar:/var/root/.m2/repository/net/sf/saxon/Saxon-HE/9.9.1-6/Saxon-HE-9.9.1-6.jar:"/>
    <property name="sun.cpu.endian" value="little"/>
    <property name="user.home" value="/var/root"/>
    <property name="user.language" value="en"/>
    <property name="java.specification.vendor" value="Oracle Corporation"/>
    <property name="java.version.date" value="2019-04-16"/>
    <property name="java.home" value="/Library/Java/JavaVirtualMachines/jdk-12.0.1.jdk/Contents/Home"/>
    <property name="file.separator" value="/"/>
    <property name="basedir" value="/Users/raul/Google Drive/ITESO/Ingeniería en Sistemas Computacionales /Diseño/git-practice/my-app"/>
    <property name="java.vm.compressedOopsMode" value="Zero based"/>
    <property name="line.separator" value="&#10;"/>
    <property name="java.specification.name" value="Java Platform API Specification"/>
    <property name="java.vm.specification.vendor" value="Oracle Corporation"/>
    <property name="java.awt.graphicsenv" value="sun.awt.CGraphicsEnvironment"/>
    <property name="surefire.real.class.path" value="/Users/raul/Google Drive/ITESO/Ingeniería en Sistemas Computacionales /Diseño/git-practice/my-app/target/surefire/surefirebooter11071260219975858969.jar"/>
    <property name="sun.management.compiler" value="HotSpot 64-Bit Tiered Compilers"/>
    <property name="ftp.nonProxyHosts" value="local|*.local|169.254/16|*.169.254/16"/>
    <property name="java.runtime.version" value="12.0.1+12"/>
    <property name="user.name" value="root"/>
    <property name="path.separator" value=":"/>
    <property name="os.version" value="10.15.2"/>
    <property name="java.runtime.name" value="Java(TM) SE Runtime Environment"/>
    <property name="file.encoding" value="UTF-8"/>
    <property name="java.vm.name" value="Java HotSpot(TM) 64-Bit Server VM"/>
    <property name="localRepository" value="/var/root/.m2/repository"/>
    <property name="java.vendor.url.bug" value="https://bugreport.java.com/bugreport/"/>
    <property name="java.io.tmpdir" value="/var/folders/zz/zyxvpxvq6csfxvn_n0000000000000/T/"/>
    <property name="java.version" value="12.0.1"/>
    <property name="user.dir" value="/Users/raul/Google Drive/ITESO/Ingeniería en Sistemas Computacionales /Diseño/git-practice/my-app"/>
    <property name="os.arch" value="x86_64"/>
    <property name="java.vm.specification.name" value="Java Virtual Machine Specification"/>
    <property name="java.library.path" value="/Users/raul/Library/Java/Extensions:/Library/Java/Extensions:/Network/Library/Java/Extensions:/System/Library/Java/Extensions:/usr/lib/java:."/>
    <property name="java.vm.info" value="mixed mode, sharing"/>
    <property name="java.vendor" value="Oracle Corporation"/>
    <property name="java.vm.version" value="12.0.1+12"/>
    <property name="sun.io.unicode.encoding" value="UnicodeBig"/>
    <property name="socksNonProxyHosts" value="local|*.local|169.254/16|*.169.254/16"/>
    <property name="java.class.version" value="56.0"/>
  </properties>
  <testcase name="shouldAnswerWithTrue" classname="com.mycompany.app.AppTest" time="0.001"/>
</testsuite>